C51 COMPILER V9.53.0.0   1                                                                 12/23/2018 14:40:40 PAGE 1   


C51 COMPILER V9.53.0.0, COMPILATION OF MODULE 1
OBJECT MODULE PLACED IN 1.OBJ
COMPILER INVOKED BY: E:\keil555\C51\BIN\C51.EXE 1.c LARGE OPTIMIZE(8,SPEED) BROWSE DEBUG OBJECTEXTEND TABS(2)

line level    source

   1          #include <reg52.h>
   2          #include <intrins.h>
   3          sbit Beep1=P2^4;
   4          void delay_ms1(unsigned int z)
   5          {
   6   1        unsigned char i,j;
   7   1        while(--z)
   8   1        {
   9   2          _nop_();
  10   2          i=2;
  11   2          j=199;
  12   2          do
  13   2          {
  14   3            while(--j);
  15   3          }while(--i);
  16   2        }
  17   1      }
  18          void a()
  19          {
  20   1        int m=0,n=0;
  21   1        P0=0xff;
  22   1        while(1)
  23   1        {
  24   2          P0=0xaa;
  25   2          delay_ms1(100);
  26   2          P0=0x55;
  27   2          delay_ms1(100);
  28   2          Beep1=0;
  29   2          delay_ms1(100);
  30   2          Beep1=1;
  31   2          delay_ms1(100);
  32   2          m++;
  33   2          if(m==3)
  34   2            while(1)
  35   2            {
  36   3                P0=0x00;
  37   3                delay_ms1(100);
  38   3                P0=0xff;
  39   3                delay_ms1(100);
  40   3                n++;
  41   3                if(n==3)
  42   3                while(1);
  43   3                  
  44   3            };
  45   2        
  46   2        }
  47   1        
  48   1      }


MODULE INFORMATION:   STATIC OVERLAYABLE
   CODE SIZE        =    113    ----
   CONSTANT SIZE    =   ----    ----
   XDATA SIZE       =   ----       2
   PDATA SIZE       =   ----    ----
C51 COMPILER V9.53.0.0   1                                                                 12/23/2018 14:40:40 PAGE 2   

   DATA SIZE        =   ----    ----
   IDATA SIZE       =   ----    ----
   BIT SIZE         =   ----    ----
END OF MODULE INFORMATION.


C51 COMPILATION COMPLETE.  0 WARNING(S),  0 ERROR(S)
