C51 COMPILER V9.53.0.0   10                                                                12/23/2018 14:40:52 PAGE 1   


C51 COMPILER V9.53.0.0, COMPILATION OF MODULE 10
OBJECT MODULE PLACED IN 10.OBJ
COMPILER INVOKED BY: E:\keil555\C51\BIN\C51.EXE 10.c LARGE OPTIMIZE(8,SPEED) BROWSE DEBUG OBJECTEXTEND TABS(2)

line level    source

   1          #include <reg52.h>
   2          #include <intrins.h>
   3          #define uint unsigned int
   4          #define uchar unsigned char
   5          sbit wel1=P2^0;
   6          sbit wel2=P2^1;
   7          sbit wel3=P2^2;
   8          sbit wel4=P2^3;
   9          sbit Beep10=P2^4;
  10          uchar code table101[]={0xc0,0xf9,0xa4,0xb0,0x99,
  11                              0x92,0x82,0xf8,0x80,0x90};
  12          uchar code table102[]={0x89,0x86,0xc7,0xc0};
  13          void delay_ms10(unsigned int ms)
  14          {
  15   1        unsigned char k;
  16   1        while(ms--)
  17   1        {
  18   2          for (k=0;k<114;k++);
  19   2        }
  20   1      }
  21          void display102()
  22          {
  23   1        wel1=0;
  24   1        P0=table102[0];
  25   1        delay_ms10(5);
  26   1        wel1=1;
  27   1        
  28   1        wel2=0;
  29   1        P0=table102[1];
  30   1        delay_ms10(5);
  31   1        wel2=1;
  32   1      
  33   1        wel3=0;
  34   1        P0=table102[2];
  35   1        delay_ms10(5);
  36   1        wel3=1;
  37   1        
  38   1        wel4=0;
  39   1        P0=table102[3];
  40   1        delay_ms10(5);
  41   1        wel4=1;
  42   1      }
  43          
  44          void display101(uint k)
  45          {
  46   1        uchar a,b,c,d;
  47   1        a=k/1000;
  48   1        b=k/100%10;
  49   1        c=k/10%10;
  50   1        d=k%10;
  51   1        
  52   1        wel1=0;
  53   1        P0=table101[a];
  54   1        delay_ms10(5);
  55   1        wel1=1;
C51 COMPILER V9.53.0.0   10                                                                12/23/2018 14:40:52 PAGE 2   

  56   1        
  57   1        wel2=0;
  58   1        P0=table101[b];
  59   1        delay_ms10(5);
  60   1        wel2=1;
  61   1        
  62   1        
  63   1        wel3=0;
  64   1        P0=table101[c];
  65   1        delay_ms10(5);
  66   1        wel3=1;
  67   1        
  68   1        
  69   1        wel4=0;
  70   1        P0=table101[d];
  71   1        delay_ms10(5);
  72   1        wel4=1;
  73   1        
  74   1      }
  75          void l()
  76          {
  77   1        int n=9000;
  78   1        int m=0;
  79   1          while(1)
  80   1          {
  81   2            display101(n);
  82   2            delay_ms10(10);
  83   2            n--;
  84   2            if(n==8888)
  85   2            while(1)
  86   2                    {   
  87   3                          display101(8888);
  88   3                          delay_ms10(100);
  89   3                          P0=0x00;
  90   3                          delay_ms10(100);
  91   3                          P0=0xff;
  92   3                          delay_ms10(100);
  93   3                          Beep10=0;
  94   3                          delay_ms10(100);
  95   3                          Beep10=1;
  96   3                          delay_ms10(100);
  97   3                          m++;
  98   3                          if(m==3)
  99   3                          {
 100   4                            while(1){display102();};
 101   4                          }
 102   3                        }
 103   2          }
 104   1      }
 105          
 106          


MODULE INFORMATION:   STATIC OVERLAYABLE
   CODE SIZE        =    322    ----
   CONSTANT SIZE    =     14    ----
   XDATA SIZE       =   ----       7
   PDATA SIZE       =   ----    ----
   DATA SIZE        =   ----    ----
   IDATA SIZE       =   ----    ----
   BIT SIZE         =   ----    ----
END OF MODULE INFORMATION.

C51 COMPILER V9.53.0.0   10                                                                12/23/2018 14:40:52 PAGE 3   


C51 COMPILATION COMPLETE.  0 WARNING(S),  0 ERROR(S)
