C51 COMPILER V9.53.0.0   15                                                                12/23/2018 15:01:07 PAGE 1   


C51 COMPILER V9.53.0.0, COMPILATION OF MODULE 15
OBJECT MODULE PLACED IN 15.OBJ
COMPILER INVOKED BY: E:\keil555\C51\BIN\C51.EXE 15.c LARGE OPTIMIZE(8,SPEED) BROWSE DEBUG OBJECTEXTEND TABS(2)

line level    source

   1          #include<reg52.h>
   2          #include<intrins.h>
   3          sbit LCD_RS=P2^5; 
   4          sbit LCD_RW=P2^6;
   5          sbit LCD_EN =P2^7;
   6          unsigned char codedis151[] = {"  11703990404"};
   7          unsigned char codedis152[] = {"  dengxiaoping"};
   8          void delay_ms15(unsigned int ms)
   9          {
  10   1        unsigned char k;
  11   1        while(ms--)
  12   1        {
  13   2          for(k=0;k<114;k++);
  14   2        }
  15   1      }
  16          void delayNOP15()
  17          {
  18   1          _nop_();
  19   1          _nop_();
  20   1          _nop_();
  21   1          _nop_();
  22   1      }
  23          void lcd_busy15()
  24          {
  25   1          bit busy;
  26   1          busy=1;
  27   1          while (busy)
  28   1         {
  29   2              LCD_RS=0;
  30   2              LCD_RW= 1;
  31   2              LCD_EN=1;
  32   2              busy = (bit)(P1 &0x80); 
  33   2              delayNOP15();
  34   2          }
  35   1              LCD_EN=0;
  36   1      
  37   1        }
  38          void lcd_wcmd15(unsigned char cmd)
  39          {
  40   1          lcd_busy15(); 
  41   1          LCD_RS = 0;  
  42   1          LCD_RW= 0;
  43   1          LCD_EN= 1;
  44   1          P1= cmd;
  45   1          delayNOP15();
  46   1          LCD_EN = 0; 
  47   1      }
  48          void lcd_wdat15(unsigned char dat)
  49          {
  50   1      lcd_busy15();
  51   1      LCD_RS=1;
  52   1      LCD_RW= 0;
  53   1      LCD_EN=1;
  54   1      P1= dat;
  55   1      delayNOP15();
C51 COMPILER V9.53.0.0   15                                                                12/23/2018 15:01:07 PAGE 2   

  56   1      LCD_EN=0;
  57   1      } 
  58          void lcd_init15()
  59          {
  60   1      delay_ms15(15);
  61   1      LCD_RW=0;
  62   1      LCD_EN= 0;
  63   1      
  64   1      LCD_RS=1;
  65   1      lcd_wcmd15(0x38);
  66   1      delay_ms15(5);
  67   1      lcd_wcmd15(0x0c);
  68   1      delay_ms15(5);
  69   1      lcd_wcmd15(0x06);
  70   1      
  71   1      delay_ms15(5);
  72   1      lcd_wcmd15(0x01);
  73   1      delay_ms15(5);
  74   1      }
  75          void wr_string15(unsigned char str[])
  76          {
  77   1      unsigned char num15=0;
  78   1      while (str[num15])
  79   1      {
  80   2      lcd_wdat15(str[num15++]);
  81   2      delay_ms15(5);
  82   2      }
  83   1      }
  84          void main()
  85          {
  86   1      P0 = 0xff;
  87   1      P2=0xff; 
  88   1      lcd_init15();
  89   1      delay_ms15(100); 
  90   1      while(1)
  91   1      {
  92   2          lcd_wcmd15(0x80);
  93   2          wr_string15(codedis151);
  94   2          delay_ms15(0);
  95   2          lcd_wcmd15(0xc0);
  96   2          wr_string15(codedis152); 
  97   2      }
  98   1      }
  99          
 100          
 101          
 102          
 103          
 104          
 105          
 106          


MODULE INFORMATION:   STATIC OVERLAYABLE
   CODE SIZE        =    242    ----
   CONSTANT SIZE    =   ----    ----
   XDATA SIZE       =     29       3
   PDATA SIZE       =   ----    ----
   DATA SIZE        =   ----    ----
   IDATA SIZE       =   ----    ----
   BIT SIZE         =   ----       1
END OF MODULE INFORMATION.

C51 COMPILER V9.53.0.0   15                                                                12/23/2018 15:01:07 PAGE 3   


C51 COMPILATION COMPLETE.  0 WARNING(S),  0 ERROR(S)
