C51 COMPILER V9.53.0.0   2                                                                 12/23/2018 14:40:41 PAGE 1   


C51 COMPILER V9.53.0.0, COMPILATION OF MODULE 2
OBJECT MODULE PLACED IN 2.OBJ
COMPILER INVOKED BY: E:\keil555\C51\BIN\C51.EXE 2.c LARGE OPTIMIZE(8,SPEED) BROWSE DEBUG OBJECTEXTEND TABS(2)

line level    source

   1          #include <reg52.h>
   2          #include <intrins.h>
   3          sbit Led1=P0^0;
   4          sbit Led2=P0^1;
   5          sbit Led3=P0^2;
   6          sbit Led4=P0^3;
   7          sbit Led5=P0^4;
   8          sbit Led6=P0^5;
   9          sbit Led7=P0^6;
  10          sbit Led8=P0^7;
  11          sbit Beep2=P2^4;
  12          void delay_ms2(unsigned int ms)
  13          {
  14   1        unsigned char k;
  15   1        while(ms--)
  16   1        {
  17   2          for (k=0;k<114;k++);
  18   2        }
  19   1      }
  20          void b()
  21          {
  22   1        int m=0,n=0;
  23   1        while(1)
  24   1        {
  25   2          Led1=0;
  26   2          Led3=0;
  27   2          Led5=0;
  28   2          Led7=0;
  29   2          delay_ms2(100);
  30   2          Led1=1;
  31   2          Led3=1;
  32   2          Led5=1;
  33   2          Led7=1;
  34   2          delay_ms2(100);
  35   2          Led2=0;
  36   2          Led4=0;
  37   2          Led6=0;
  38   2          Led8=0;
  39   2          delay_ms2(100);
  40   2          Led2=1;
  41   2          Led4=1;
  42   2          Led6=1;
  43   2          Led8=1;
  44   2          delay_ms2(100);
  45   2          Beep2=0;
  46   2          delay_ms2(100);
  47   2          Beep2=1;
  48   2          delay_ms2(100);
  49   2          m++;
  50   2          if(m==3)
  51   2            while(1)
  52   2            {
  53   3                Led1=1;
  54   3                Led2=1;
  55   3                Led3=1;
C51 COMPILER V9.53.0.0   2                                                                 12/23/2018 14:40:41 PAGE 2   

  56   3                Led4=1;
  57   3                Led5=1;
  58   3                Led6=1;
  59   3                Led7=1;
  60   3                Led8=1;
  61   3                delay_ms2(100);
  62   3                Led1=0;
  63   3                Led2=0;
  64   3                Led3=0;
  65   3                Led4=0;
  66   3                Led5=0;
  67   3                Led6=0;
  68   3                Led7=0;
  69   3                Led8=0;
  70   3                delay_ms2(100);
  71   3                n++;
  72   3                if(n==3)
  73   3                { 
  74   4                  Led1=1;
  75   4                  Led2=1;
  76   4                  Led3=1;
  77   4                  Led4=1;
  78   4                  Led5=1;
  79   4                  Led6=1;
  80   4                  Led7=1;
  81   4                  Led8=1;
  82   4                  while(1);
  83   4                }
  84   3            }
  85   2        }
  86   1      }
  87          


MODULE INFORMATION:   STATIC OVERLAYABLE
   CODE SIZE        =    197    ----
   CONSTANT SIZE    =   ----    ----
   XDATA SIZE       =   ----       4
   PDATA SIZE       =   ----    ----
   DATA SIZE        =   ----    ----
   IDATA SIZE       =   ----    ----
   BIT SIZE         =   ----    ----
END OF MODULE INFORMATION.


C51 COMPILATION COMPLETE.  0 WARNING(S),  0 ERROR(S)
