C51 COMPILER V9.53.0.0   3                                                                 12/23/2018 14:40:42 PAGE 1   


C51 COMPILER V9.53.0.0, COMPILATION OF MODULE 3
OBJECT MODULE PLACED IN 3.OBJ
COMPILER INVOKED BY: E:\keil555\C51\BIN\C51.EXE 3.c LARGE OPTIMIZE(8,SPEED) BROWSE DEBUG OBJECTEXTEND TABS(2)

line level    source

   1          #include <reg52.h>
   2          #define uchar unsigned char
   3          uchar Led1[]={0xaa,0x55,0xff};
   4          uchar Led2[]={0x00,0xff};
   5          sbit Beep3=P2^4;
   6          void delay_ms3(unsigned int ms)
   7          {
   8   1        uchar k;
   9   1        while(ms--)
  10   1        {
  11   2          for (k=0;k<114;k++);
  12   2        }
  13   1      }
  14          void c()
  15          {
  16   1        int i=0,j=0;
  17   1        while(1)
  18   1        {
  19   2          for(i=0;i<3;i++)
  20   2          {
  21   3            for(j=0;j<3;j++)
  22   3            {
  23   4              P0=Led1[j];
  24   4              delay_ms3(100);
  25   4            }
  26   3            Beep3=0;
  27   3            delay_ms3(100);
  28   3            Beep3=1;
  29   3            delay_ms3(100);
  30   3          }
  31   2          for(i=0;i<3;i++)
  32   2          for(j=0;j<2;j++)
  33   2          {
  34   3            P0=Led2[j];
  35   3            delay_ms3(100);
  36   3          }
  37   2          while(1);
  38   2      }
  39   1        
  40   1        
  41   1      } 


MODULE INFORMATION:   STATIC OVERLAYABLE
   CODE SIZE        =    233    ----
   CONSTANT SIZE    =   ----    ----
   XDATA SIZE       =      5       4
   PDATA SIZE       =   ----    ----
   DATA SIZE        =   ----    ----
   IDATA SIZE       =   ----    ----
   BIT SIZE         =   ----    ----
END OF MODULE INFORMATION.


C51 COMPILATION COMPLETE.  0 WARNING(S),  0 ERROR(S)
