C51 COMPILER V9.53.0.0   4                                                                 12/23/2018 14:40:44 PAGE 1   


C51 COMPILER V9.53.0.0, COMPILATION OF MODULE 4
OBJECT MODULE PLACED IN 4.OBJ
COMPILER INVOKED BY: E:\keil555\C51\BIN\C51.EXE 4.c LARGE OPTIMIZE(8,SPEED) BROWSE DEBUG OBJECTEXTEND TABS(2)

line level    source

   1          #include<reg52.h>
   2          #include<intrins.h>
   3          sbit LCD_RS=P2^5; 
   4          sbit LCD_RW=P2^6;
   5          sbit LCD_EN =P2^7;
   6          unsigned char codedis1[] = {"hello world 123"};
   7          int i=0;
   8          int j=0;
   9          void delay_ms4(unsigned int z)
  10          {
  11   1        _nop_();
  12   1          i=2;
  13   1          j=199;
  14   1            do
  15   1            {
  16   2              while(--j);
  17   2            }while(--i);
  18   1      }
*** WARNING C280 IN LINE 9 OF 4.c: 'z': unreferenced local variable
  19          void delayNOP()
  20          {
  21   1          _nop_();
  22   1          _nop_();
  23   1          _nop_();
  24   1          _nop_();
  25   1      }
  26          void lcd_busy()
  27          {
  28   1          bit busy;
  29   1          busy=1;
  30   1          while (busy)
  31   1         {
  32   2              LCD_RS=0;
  33   2              LCD_RW= 1;
  34   2              LCD_EN=1;
  35   2              busy = (bit)(P1 &0x80); 
  36   2              delayNOP();
  37   2          }
  38   1              LCD_EN=0;
  39   1      
  40   1        }
  41          void lcd_wcmd(unsigned char cmd)
  42          {
  43   1          lcd_busy(); 
  44   1          LCD_RS = 0;  
  45   1          LCD_RW= 0;
  46   1          LCD_EN= 1;
  47   1          P1= cmd;
  48   1          delayNOP();
  49   1          LCD_EN = 0; 
  50   1      }
  51          void lcd_wdat(unsigned char dat)
  52          {
  53   1      lcd_busy();
  54   1      LCD_RS=1;
C51 COMPILER V9.53.0.0   4                                                                 12/23/2018 14:40:44 PAGE 2   

  55   1      LCD_RW= 0;
  56   1      LCD_EN=1;
  57   1      P1= dat;
  58   1      delayNOP();
  59   1      LCD_EN=0;
  60   1      } 
  61          void lcd_init()
  62          {
  63   1      delay_ms4(15);
  64   1      LCD_RW=0;
  65   1      LCD_EN= 0;
  66   1      
  67   1      LCD_RS=1;
  68   1      lcd_wcmd(0x30);
  69   1      delay_ms4(5);
  70   1      lcd_wcmd(0x0c);
  71   1      delay_ms4(5);
  72   1      lcd_wcmd(0x06);
  73   1      
  74   1      delay_ms4(5);
  75   1      lcd_wcmd(0x01);
  76   1      delay_ms4(5);
  77   1      }
  78          void wr_string(unsigned char str[])
  79          {
  80   1      unsigned char num=0;
  81   1      while (str[num])
  82   1      {
  83   2      lcd_wdat(str[num++]);
  84   2      delay_ms4(5);
  85   2      }
  86   1      }
  87          void d()
  88          {
  89   1      P0 = 0xff;
  90   1      P2=0xff; 
  91   1      lcd_init();
  92   1      delay_ms4(100); 
  93   1      while(1)
  94   1      {
  95   2          lcd_wcmd(0x80);
  96   2          wr_string(codedis1);
  97   2      }
  98   1      }
  99          
 100          
 101          
 102          
 103          


MODULE INFORMATION:   STATIC OVERLAYABLE
   CODE SIZE        =    253    ----
   CONSTANT SIZE    =   ----    ----
   XDATA SIZE       =     20       5
   PDATA SIZE       =   ----    ----
   DATA SIZE        =   ----    ----
   IDATA SIZE       =   ----    ----
   BIT SIZE         =   ----       1
END OF MODULE INFORMATION.


C51 COMPILATION COMPLETE.  1 WARNING(S),  0 ERROR(S)
