C51 COMPILER V9.53.0.0   5                                                                 12/23/2018 14:40:45 PAGE 1   


C51 COMPILER V9.53.0.0, COMPILATION OF MODULE 5
OBJECT MODULE PLACED IN 5.OBJ
COMPILER INVOKED BY: E:\keil555\C51\BIN\C51.EXE 5.c LARGE OPTIMIZE(8,SPEED) BROWSE DEBUG OBJECTEXTEND TABS(2)

line level    source

   1          #include <reg52.h>
   2          typedef unsigned char uchar;
   3          typedef unsigned int uint;
   4          sbit Beep5=P2^4;
   5          void e()
   6          {
   7   1        uint m;
   8   1        uchar n;
   9   1        P0=0xff;
  10   1        P2=0xff;
  11   1        while(1)
  12   1        {
  13   2          P0=0xfe;
  14   2          for(m=0;m<400;m++)
  15   2          {
  16   3            for(n=0;n<10;n++);
  17   3            Beep5=~Beep5;
  18   3          }
  19   2          P0=0xfd;
  20   2          for(m=0;m<300;m++)
  21   2          {
  22   3            for(n=0;n<20;n++);
  23   3            Beep5=~Beep5;
  24   3          }
  25   2          P0=0xfb;
  26   2          for(m=0;m<400;m++)
  27   2          {
  28   3            for(n=0;n<30;n++);
  29   3            Beep5=~Beep5;
  30   3          }
  31   2          P0=0xf7;
  32   2          for(m=0;m<300;m++)
  33   2          {
  34   3            for(n=0;n<40;n++);
  35   3            Beep5=~Beep5;
  36   3          }P0=0xef;
  37   2          for(m=0;m<400;m++)
  38   2          {
  39   3            for(n=0;n<50;n++);
  40   3            Beep5=~Beep5;
  41   3          }
  42   2          P0=0xdf;
  43   2          for(m=0;m<300;m++)
  44   2          {
  45   3            for(n=0;n<60;n++);
  46   3            Beep5=~Beep5;
  47   3          }P0=0xbf;
  48   2          for(m=0;m<400;m++)
  49   2          {
  50   3            for(n=0;n<70;n++);
  51   3            Beep5=~Beep5;
  52   3          }
  53   2          P0=0x7f;
  54   2          for(m=0;m<300;m++)
  55   2          {
C51 COMPILER V9.53.0.0   5                                                                 12/23/2018 14:40:45 PAGE 2   

  56   3            for(n=0;n<80;n++);
  57   3            Beep5=~Beep5;
  58   3          }P0=0x7f;
  59   2          for(m=0;m<400;m++)
  60   2          {
  61   3            for(n=0;n<80;n++);
  62   3            Beep5=~Beep5;
  63   3          }
  64   2          P0=0xbf;
  65   2          for(m=0;m<300;m++)
  66   2          {
  67   3            for(n=0;n<70;n++);
  68   3            Beep5=~Beep5;
  69   3          }P0=0xdf;
  70   2          for(m=0;m<400;m++)
  71   2          {
  72   3            for(n=0;n<60;n++);
  73   3            Beep5=~Beep5;
  74   3          }
  75   2          P0=0xef;
  76   2          for(m=0;m<300;m++)
  77   2          {
  78   3            for(n=0;n<50;n++);
  79   3            Beep5=~Beep5;
  80   3          }P0=0xf7;
  81   2          for(m=0;m<400;m++)
  82   2          {
  83   3            for(n=0;n<40;n++);
  84   3            Beep5=~Beep5;
  85   3          }
  86   2          P0=0xfb;
  87   2          for(m=0;m<300;m++)
  88   2          {
  89   3            for(n=0;n<30;n++);
  90   3            Beep5=~Beep5;
  91   3          }P0=0xfd;
  92   2          for(m=0;m<400;m++)
  93   2          {
  94   3            for(n=0;n<20;n++);
  95   3            Beep5=~Beep5;
  96   3          }
  97   2          P0=0xfe;
  98   2          for(m=0;m<300;m++)
  99   2          {
 100   3            for(n=0;n<10;n++);
 101   3            Beep5=~Beep5;
 102   3          }
 103   2          
 104   2        }
 105   1      }


MODULE INFORMATION:   STATIC OVERLAYABLE
   CODE SIZE        =    430    ----
   CONSTANT SIZE    =   ----    ----
   XDATA SIZE       =   ----    ----
   PDATA SIZE       =   ----    ----
   DATA SIZE        =   ----    ----
   IDATA SIZE       =   ----    ----
   BIT SIZE         =   ----    ----
END OF MODULE INFORMATION.


C51 COMPILATION COMPLETE.  0 WARNING(S),  0 ERROR(S)
