C51 COMPILER V9.53.0.0   6                                                                 12/23/2018 14:40:46 PAGE 1   


C51 COMPILER V9.53.0.0, COMPILATION OF MODULE 6
OBJECT MODULE PLACED IN 6.OBJ
COMPILER INVOKED BY: E:\keil555\C51\BIN\C51.EXE 6.c LARGE OPTIMIZE(8,SPEED) BROWSE DEBUG OBJECTEXTEND TABS(2)

line level    source

   1          #include <reg52.h>
   2          #include <intrins.h>
   3          #define uint unsigned int
   4          #define uchar unsigned char
   5          sbit wel1=P2^0;
   6          sbit wel2=P2^1;
   7          sbit wel3=P2^2;
   8          sbit wel4=P2^3;
   9          sbit Beep6=P2^4;
  10          uchar code table6[]={0xc0,0xf9,0xa4,0xb0,0x99,
  11                              0x92,0x82,0xf8,0x80,0x90};
  12          void delay_ms6(unsigned int ms)
  13          {
  14   1        unsigned char k;
  15   1        while(ms--)
  16   1        {
  17   2          for (k=0;k<114;k++);
  18   2        }
  19   1      }
  20          void display6(uint k)
  21          {
  22   1        uchar a,b,c,d;
  23   1        a=k/1000;
  24   1        b=k/100%10;
  25   1        c=k/10%10;
  26   1        d=k%10;
  27   1        
  28   1        wel1=0;
  29   1        P0=table6[a];
  30   1        delay_ms6(1000);
  31   1        wel1=1;
  32   1        Beep6=1;
  33   1        delay_ms6(100);
  34   1        Beep6=0;
  35   1        delay_ms6(100);
  36   1        
  37   1        wel2=0;
  38   1        P0=table6[b];
  39   1        delay_ms6(1000);
  40   1        wel2=1;
  41   1        Beep6=1;
  42   1        delay_ms6(100);
  43   1        Beep6=0;
  44   1        delay_ms6(100);
  45   1        
  46   1        wel3=0;
  47   1        P0=table6[c];
  48   1        delay_ms6(1000);
  49   1        wel3=1;
  50   1        Beep6=1;
  51   1        delay_ms6(100);
  52   1        Beep6=0;
  53   1        delay_ms6(100);
  54   1        
  55   1        wel4=0;
C51 COMPILER V9.53.0.0   6                                                                 12/23/2018 14:40:46 PAGE 2   

  56   1        P0=table6[d];
  57   1        delay_ms6(1000);
  58   1        wel4=1;
  59   1        Beep6=1;
  60   1        delay_ms6(100);
  61   1        Beep6=0;
  62   1        delay_ms6(100);
  63   1      }
  64          void f()
  65          {
  66   1        while(1)
  67   1        {
  68   2          display6(4321);
  69   2        }
  70   1      }


MODULE INFORMATION:   STATIC OVERLAYABLE
   CODE SIZE        =    220    ----
   CONSTANT SIZE    =     10    ----
   XDATA SIZE       =   ----       3
   PDATA SIZE       =   ----    ----
   DATA SIZE        =   ----    ----
   IDATA SIZE       =   ----    ----
   BIT SIZE         =   ----    ----
END OF MODULE INFORMATION.


C51 COMPILATION COMPLETE.  0 WARNING(S),  0 ERROR(S)
