C51 COMPILER V9.53.0.0   7                                                                 12/23/2018 14:40:48 PAGE 1   


C51 COMPILER V9.53.0.0, COMPILATION OF MODULE 7
OBJECT MODULE PLACED IN 7.OBJ
COMPILER INVOKED BY: E:\keil555\C51\BIN\C51.EXE 7.c LARGE OPTIMIZE(8,SPEED) BROWSE DEBUG OBJECTEXTEND TABS(2)

line level    source

   1          #include <reg52.h>
   2          #include <intrins.h>
   3          #define uchar unsigned char;
   4          #define uint unsigned int;
   5          sbit key7=P3^2;
   6          sbit Beep7=P2^4;
   7          void keyscan7()
   8          {
   9   1        if(key7==0)
  10   1        {
  11   2          Beep7=0;
  12   2          while(!key7);
  13   2        }
  14   1        else
  15   1          Beep7=1;
  16   1      }
  17          void g()
  18          {
  19   1        while(1)
  20   1        {
  21   2          keyscan7();
  22   2        }
  23   1      }


MODULE INFORMATION:   STATIC OVERLAYABLE
   CODE SIZE        =     18    ----
   CONSTANT SIZE    =   ----    ----
   XDATA SIZE       =   ----    ----
   PDATA SIZE       =   ----    ----
   DATA SIZE        =   ----    ----
   IDATA SIZE       =   ----    ----
   BIT SIZE         =   ----    ----
END OF MODULE INFORMATION.


C51 COMPILATION COMPLETE.  0 WARNING(S),  0 ERROR(S)
