C51 COMPILER V9.53.0.0   T3                                                                01/05/2019 21:26:56 PAGE 1   


C51 COMPILER V9.53.0.0, COMPILATION OF MODULE T3
OBJECT MODULE PLACED IN t3.OBJ
COMPILER INVOKED BY: E:\keil555\C51\BIN\C51.EXE t3.c OPTIMIZE(8,SPEED) BROWSE DEBUG OBJECTEXTEND TABS(2)

line level    source

   1          #include <reg52.h>
   2          #define uchar unsigned char
   3          #define uint unsigned int
   4          sbit w1=P2^0;
   5          sbit w2=P2^1;
   6          sbit w3=P2^2;
   7          sbit w4=P2^3;
   8          uchar code table[]={0xc0,0xf9,0xa4,0xb0,0x99,
   9                      0x92,0x82,0xf8,0x80,0x90,
  10                      0x88,0x83,0xc6,0xa1,0x86,0x8e};
  11          uchar flag=0;
  12          uchar temp=0x00;
  13          void delay_ms(uint ms)
  14          {
  15   1        uchar k;
  16   1        while(ms--)
  17   1        {
  18   2          for(k=0;k<114;k++);
  19   2        }
  20   1      }
  21          void display(uint n)
  22          {
  23   1        uchar a,b,c,d;
  24   1        a=n/(16*16*16);
  25   1        b=n/(16*16)%16;
  26   1        c=n/16%16;
  27   1        d=n%16;
  28   1        
  29   1        w1=0;
  30   1        P0=table[a];
  31   1        delay_ms(5);
  32   1        w1=1;
  33   1        
  34   1        w2=0;
  35   1        P0=table[b];
  36   1        delay_ms(5);
  37   1        w2=1;
  38   1        
  39   1        w3=0;
  40   1        P0=table[c];
  41   1        delay_ms(5);
  42   1        w3=1;
  43   1        
  44   1        w4=0;
  45   1        P0=table[d];
  46   1        delay_ms(5);
  47   1        w4=1; 
  48   1      }
  49          
  50          void main()
  51          {
  52   1        SM0=0;
  53   1        SM1=1;
  54   1        REN=1;
  55   1        PCON=0x00;
C51 COMPILER V9.53.0.0   T3                                                                01/05/2019 21:26:56 PAGE 2   

  56   1        TMOD=0x20;
  57   1        TH1=250;
  58   1        TL1=250;
  59   1        TR1=1;
  60   1        
  61   1        EA=1;
  62   1        ES=1;
  63   1        while(1)
  64   1        {
  65   2          display(temp*16*16+SBUF);
  66   2          flag=1;
  67   2        }
  68   1        
  69   1      }
  70          void S_() interrupt 4
  71          {
  72   1        if(TI)
  73   1        {
  74   2          TI=0;
  75   2        }
  76   1        else
  77   1        {
  78   2              if(flag==1)
  79   2              {
  80   3                temp=SBUF;
  81   3                flag=0;
  82   3              }
  83   2              RI=0;
  84   2            }
  85   1      }


MODULE INFORMATION:   STATIC OVERLAYABLE
   CODE SIZE        =    175    ----
   CONSTANT SIZE    =     16    ----
   XDATA SIZE       =   ----    ----
   PDATA SIZE       =   ----    ----
   DATA SIZE        =      2    ----
   IDATA SIZE       =   ----    ----
   BIT SIZE         =   ----    ----
END OF MODULE INFORMATION.


C51 COMPILATION COMPLETE.  0 WARNING(S),  0 ERROR(S)
